2021-03-20 20:46:37 ERROR ImageDataStorage:29 - This is my error
java.lang.NullPointerException: null
	at pcd.python.PythonProcess.stop(PythonProcess.java:27) [classes/:?]
	at pcd.data.ImageDataStorage.stopProcess(ImageDataStorage.java:65) [classes/:?]
	at pcd.Initializer$1.windowClosing(Initializer.java:87) [classes/:?]
	at java.awt.AWTEventMulticaster.windowClosing(AWTEventMulticaster.java:349) [?:1.8.0_241]
	at java.awt.Window.processWindowEvent(Window.java:2054) [?:1.8.0_241]
	at javax.swing.JFrame.processWindowEvent(JFrame.java:305) [?:1.8.0_241]
	at java.awt.Window.processEvent(Window.java:2013) [?:1.8.0_241]
	at java.awt.Component.dispatchEventImpl(Component.java:4889) [?:1.8.0_241]
	at java.awt.Container.dispatchEventImpl(Container.java:2297) [?:1.8.0_241]
	at java.awt.Window.dispatchEventImpl(Window.java:2746) [?:1.8.0_241]
	at java.awt.Component.dispatchEvent(Component.java:4711) [?:1.8.0_241]
	at java.awt.EventQueue.dispatchEventImpl(EventQueue.java:760) [?:1.8.0_241]
	at java.awt.EventQueue.access$500(EventQueue.java:97) [?:1.8.0_241]
	at java.awt.EventQueue$3.run(EventQueue.java:709) [?:1.8.0_241]
	at java.awt.EventQueue$3.run(EventQueue.java:703) [?:1.8.0_241]
	at java.security.AccessController.doPrivileged(Native Method) ~[?:1.8.0_241]
	at java.security.ProtectionDomain$JavaSecurityAccessImpl.doIntersectionPrivilege(ProtectionDomain.java:74) [?:1.8.0_241]
	at java.security.ProtectionDomain$JavaSecurityAccessImpl.doIntersectionPrivilege(ProtectionDomain.java:84) [?:1.8.0_241]
	at java.awt.EventQueue$4.run(EventQueue.java:733) [?:1.8.0_241]
	at java.awt.EventQueue$4.run(EventQueue.java:731) [?:1.8.0_241]
	at java.security.AccessController.doPrivileged(Native Method) ~[?:1.8.0_241]
	at java.security.ProtectionDomain$JavaSecurityAccessImpl.doIntersectionPrivilege(ProtectionDomain.java:74) [?:1.8.0_241]
	at java.awt.EventQueue.dispatchEvent(EventQueue.java:730) [?:1.8.0_241]
	at java.awt.EventDispatchThread.pumpOneEventForFilters(EventDispatchThread.java:205) [?:1.8.0_241]
	at java.awt.EventDispatchThread.pumpEventsForFilter(EventDispatchThread.java:116) [?:1.8.0_241]
	at java.awt.EventDispatchThread.pumpEventsForHierarchy(EventDispatchThread.java:105) [?:1.8.0_241]
	at java.awt.EventDispatchThread.pumpEvents(EventDispatchThread.java:101) [?:1.8.0_241]
	at java.awt.EventDispatchThread.pumpEvents(EventDispatchThread.java:93) [?:1.8.0_241]
	at java.awt.EventDispatchThread.run(EventDispatchThread.java:82) [?:1.8.0_241]
